<?xml version="1.0" encoding="UTF-8"?>
<!-- Generated by org.testng.reporters.JUnitReportReporter -->
<testsuite skipped="0" hostname="DESKTOP-TM7IO8B" name="SeleniumMaven.eGov.Test.TestPage" tests="1" failures="0" timestamp="27 Mar 2018 12:15:12 GMT" time="16.257" errors="0">
  <testcase name="test" time="16.257" classname="SeleniumMaven.eGov.Test.TestPage"/>
</testsuite> <!-- SeleniumMaven.eGov.Test.TestPage -->
